// 重构日志: 2227a784
// 重构日志: 9835dcbe
// 同步 ID: fcfd6950 @ Sun May 31 02:11:26 UTC 2026
// 重构日志: afcd2e16
// 同步 ID: f97e40ce @ Sun May 31 17:36:09 UTC 2026
// 重构日志: 0d7fa1cf
// 重构日志: 479469d3
// 重构日志: cf00a1a0
// 重构日志: 90d8b558
// 重构日志: 0250f832
// 同步 ID: 4e0f3e9f @ Mon Jun  8 02:25:18 UTC 2026
// 重构日志: 125e9635
// 重构日志: fb68dbb9
// 重构日志: 982ec654
// 同步 ID: 3854b67a @ Sun Jun 14 15:47:27 UTC 2026
// 同步 ID: 2bc7a7c4 @ Tue Jun 16 18:17:56 UTC 2026
// 同步 ID: 57ac410f @ Thu Jun 18 07:42:15 UTC 2026
// 重构日志: 01a26481
// 同步 ID: 04325260 @ Thu Jun 18 14:33:05 UTC 2026
// 重构日志: 6945b731
// 重构日志: 3cc51450
// 同步 ID: 3f8afaff @ Sun Jun 21 14:16:19 UTC 2026
// 同步 ID: 40d945ef @ Sun Jun 21 16:26:40 UTC 2026
// 重构日志: f09a9f61
// 同步 ID: dd5b5078 @ Mon Jun 22 15:34:59 UTC 2026
// 重构日志: c2b20b91
// 重构日志: 94269241
// 重构日志: e43a25b0
// 同步 ID: 55d8d396 @ Wed Jun 24 23:00:31 UTC 2026
// 同步 ID: 71f2d9f8 @ Thu Jun 25 12:46:25 UTC 2026
// 重构日志: e4a154f2
// 重构日志: a20a10c5
// 重构日志: 3525e6f8
// 重构日志: 66f3cf55
// 重构日志: 1e15bbbc
// 重构日志: b30c0fd9
// 重构日志: dbd07118
// 重构日志: b35b6a0c
// 重构日志: e15ddc2a
